\BOOKMARK [1][-]{section.1}{Introduction}{}% 1
\BOOKMARK [1][-]{section.2}{Question 1}{}% 2
\BOOKMARK [2][-]{subsection.2.1}{Contraintes tour}{section.2}% 3
\BOOKMARK [2][-]{subsection.2.2}{Contraintes fou}{section.2}% 4
\BOOKMARK [2][-]{subsection.2.3}{Contraintes cavalier:}{section.2}% 5
\BOOKMARK [1][-]{section.3}{Question 2}{}% 6
\BOOKMARK [2][-]{subsection.3.1}{Ensemble Tours}{section.3}% 7
\BOOKMARK [2][-]{subsection.3.2}{Ensemble fous}{section.3}% 8
\BOOKMARK [2][-]{subsection.3.3}{Ensemble cavaliers:}{section.3}% 9
\BOOKMARK [2][-]{subsection.3.4}{Contrainte finale:}{section.3}% 10
\BOOKMARK [1][-]{section.4}{Question 3}{}% 11
\BOOKMARK [2][-]{subsection.4.1}{Lancement du programme}{section.4}% 12
\BOOKMARK [2][-]{subsection.4.2}{Explication code}{section.4}% 13
\BOOKMARK [2][-]{subsection.4.3}{Contrainte Tour}{section.4}% 14
\BOOKMARK [2][-]{subsection.4.4}{Contrainte Fou}{section.4}% 15
\BOOKMARK [2][-]{subsection.4.5}{Contrainte Cavalier}{section.4}% 16
\BOOKMARK [2][-]{subsection.4.6}{Contrainte Vide}{section.4}% 17
\BOOKMARK [2][-]{subsection.4.7}{Question Bonus}{section.4}% 18
\BOOKMARK [1][-]{section.5}{Question 4}{}% 19
\BOOKMARK [2][-]{subsection.5.1}{Contraintes}{section.5}% 20
\BOOKMARK [2][-]{subsection.5.2}{Exemple d'utilisation}{section.5}% 21
\BOOKMARK [1][-]{section.6}{Question 5}{}% 22
\BOOKMARK [2][-]{subsection.6.1}{Contraintes CSP}{section.6}% 23
\BOOKMARK [3][-]{subsubsection.6.1.1}{Parser}{subsection.6.1}% 24
\BOOKMARK [3][-]{subsubsection.6.1.2}{Placements des cam\351ras}{subsection.6.1}% 25
\BOOKMARK [3][-]{subsubsection.6.1.3}{Affichage de la solution}{subsection.6.1}% 26
\BOOKMARK [3][-]{subsubsection.6.1.4}{Exemple}{subsection.6.1}% 27
